2022-03-04 11:05:34,733 - INFO (extract_data): Loading persons
2022-03-04 11:06:14,998 - INFO (extract_data): Loading households
2022-03-04 11:06:20,588 - INFO (extract_data): Loading mgraBasedInput
2022-03-04 11:06:21,029 - INFO (extract_data): Loading individualTrips
2022-03-04 11:09:09,007 - INFO (extract_data): Loading jointTrips
2022-03-04 11:09:24,738 - INFO (extract_data): Loading internalExternalTrips
2022-03-04 11:09:26,504 - INFO (extract_data): Loading airportCBXTrips
2022-03-04 11:09:26,629 - INFO (extract_data): Loading airportSANTrips
2022-03-04 11:09:27,443 - INFO (extract_data): Loading commercialVehicleTrips
2022-03-04 11:09:37,585 - INFO (extract_data): Loading crossBorderTrips
2022-03-04 11:09:43,705 - INFO (extract_data): Loading externalInternalTrips
2022-03-04 11:10:11,138 - INFO (extract_data): Loading externalExternalTrips
2022-03-04 11:10:11,185 - INFO (extract_data): Loading truckTrips
2022-03-04 11:10:16,119 - INFO (extract_data): Loading visitorTrips
2022-03-04 11:10:17,778 - INFO (extract_data): Loading hwyload_AM
2022-03-04 11:10:18,231 - INFO (extract_data): Loading hwyload_EA
2022-03-04 11:10:18,562 - INFO (extract_data): Loading hwyload_EV
2022-03-04 11:10:18,938 - INFO (extract_data): Loading hwyload_MD
2022-03-04 11:10:19,500 - INFO (extract_data): Loading hwyload_PM
2022-03-04 11:10:19,955 - INFO (extract_data): Loading hwyTcad
2022-03-04 11:10:23,894 - INFO (extract_data): Loading transit_onoff
2022-03-04 11:10:24,427 - INFO (extract_data): Loading mgra_city_map
2022-03-04 11:10:24,443 - INFO (extract_data): Loading mgra_mohub_urban_core
2022-03-04 11:10:24,443 - INFO (extract_data): Loading mgra_city_cpa_map
2022-03-04 11:10:24,459 - INFO (extract_data): Loading sv_ec_mgras
2022-03-04 11:10:24,506 - INFO (process): Renaming airportCBXTrips columns using {'tripPurpose': 'tripPurposeDestination'}
2022-03-04 11:10:24,506 - INFO (process): Renaming airportSANTrips columns using {'tripPurpose': 'tripPurposeDestination'}
2022-03-04 11:10:24,521 - INFO (process): Adding column 'tripPurposeDestination' to internalExternalTrips
2022-03-04 11:10:24,521 - INFO (process): Adding column 'tripPurposeDestination' to externalExternalTrips
2022-03-04 11:10:24,537 - INFO (process): Renaming externalInternalTrips columns using {'tripPurpose': 'tripPurposeDestination'}
2022-03-04 11:10:25,006 - INFO (process): Adding column 'tripPurposeDestination' to truckTrips
2022-03-04 11:10:25,006 - INFO (process): Renaming visitorTrips columns using {'tripPurpose': 'tripPurposeDestination'}
2022-03-04 11:10:25,115 - INFO (process): Raw evaluating households['homeCity'] = households['homeMGRA'].replace(mgra_city_map.set_index('MGRA')['city_name'].to_dict())
2022-03-04 11:12:17,324 - INFO (process): Raw evaluating households['homeCityCPA'] = households['homeMGRA'].replace(mgra_city_cpa_map.set_index('MGRA')['Name'].to_dict())
2022-03-04 11:13:50,295 - INFO (process): Raw evaluating persons['telecommuteChoice'] = persons['telecommuteChoice'].str.replace(' a Week', '')
2022-03-04 11:13:52,282 - INFO (concat): Concatenating tables ['individualTrips', 'jointTrips', 'internalExternalTrips', 'airportCBXTrips', 'airportSANTrips', 'commercialVehicleTrips', 'crossBorderTrips', 'externalInternalTrips', 'externalExternalTrips', 'truckTrips', 'visitorTrips'] into trips
2022-03-04 11:14:16,455 - INFO (concat): Concatenating tables ['hwyload_AM.csv', 'hwyload_EA.csv', 'hwyload_EV.csv', 'hwyload_MD.csv', 'hwyload_PM.csv'] into highway_load
2022-03-04 11:14:16,564 - INFO (merge): Merging tables persons, households into synthetic
2022-03-04 11:14:21,652 - INFO (merge): Merging tables trips, synthetic into trips
2022-03-04 11:15:01,402 - INFO (process): Binning age values in persons using [0,18,30,45,60, 100]
2022-03-04 11:15:03,025 - INFO (process): Replacing age_bin values in persons using {'.-0.001.*': '0-18', '.18.0.*': '18-30', '.30.0.*': '30-45', '.45.0.*': '45-60', '.60.0.*': '60-100'}, regex=True
2022-03-04 11:15:44,206 - INFO (process): Replacing race values in persons using {'White Alone': 'White', 'Asian Alone': 'Asian', 'Black.*': 'Black', 'Two or More Major Race Groups': 'Two or More', 'Some Other.*': 'Other', 'Native Hawaiian.*': 'Other', 'American Indian.*': 'Other'}, regex=True
2022-03-04 11:16:24,516 - INFO (process): Replacing tripMode values in trips using {'Drive Alone': 'SOV', 'Shared Ride 2': 'HOV', 'Shared Ride 3+': 'HOV', 'Bike': 'Non-Motorized', 'Walk': 'Non-Motorized', 'Micro-Mobility': 'Other', 'Non-Pooled TNC': 'Other', 'Pooled TNC': 'Other', 'School Bus': 'Other', 'Taxi': 'Other', 'Truck': 'Other'}
2022-03-04 11:16:35,826 - INFO (process): Replacing tripPurposeDestination values in trips using {'work related':'Work', 'Work-Based': 'Work', 'Visiting': 'Other', 'Visit': 'Other', 'Resident Personal': 'Other', 'Visitor Personal': 'Other', 'External': 'Other', 'Unknown': 'Other', 'Non-Work':'Other', 'Eating Out': 'Dining', 'Dining': 'Dining', 'Discretionary': 'Discretionary', 'Recreation': 'Discretionary', 'Resident Business': 'Other', 'Visitor Business': 'Other', 'Not Applicable': 'Other', 'University': 'School', 'Goods': 'Other', 'Return to Establishment': 'Other', 'Cargo': 'Other'}
2022-03-04 11:16:54,765 - INFO (process): Renaming trips columns using {'table': 'model'}
2022-03-04 11:18:02,683 - INFO (process): Raw evaluating trips['model'] = trips['model'].str.replace('Trips', '')
2022-03-04 11:18:29,389 - INFO (process): Replacing departTimeFiveTod values in trips using {1: 'EA', 2: 'AM', 3: 'MD', 4: 'PM', 5: 'EV'}
2022-03-04 11:18:44,628 - INFO (process): Replacing tripMode values in trips using {'Light Heavy Duty Truck': 'Truck', 'Medium Heavy Duty Truck': 'Truck', 'Heavy Heavy Duty Truck': 'Truck'}
2022-03-04 11:18:48,570 - INFO (process): Raw evaluating trips['tripMode'] = np.select([(trips['tripMode'].str.contains('to Transit'))], ['Transit'], default=trips['tripMode'])
2022-03-04 11:19:03,557 - INFO (process): Raw evaluating trips['vmt'] = (trips['distanceDrive'].fillna(0) + trips['distanceDriveTransit'].fillna(0))*trips['weightTrip']
2022-03-04 11:19:04,606 - INFO (process): Adding column 'distance' to trips
2022-03-04 11:19:05,216 - INFO (process): Adding column 'time' to trips
2022-03-04 11:19:05,778 - INFO (process): Replacing MODE values in transit_onoff using {'PREM': 'Premium Transit', 'BUS': 'Local Bus', 'ALLPEN': 'Local Bus and Premium Transit'}
2022-03-04 11:19:05,825 - INFO (process): Replacing ACCESSMODE values in transit_onoff using {'KNR': 'Kiss and Ride to Transit', 'PNR': 'Park and Ride to Transit', 'WLK': 'Walk to Transit'}
2022-03-04 11:19:05,888 - INFO (process): Replacing table values in highway_load using {"hwyload_EA": "EA","hwyload_AM": "AM","hwyload_MD": "MD","hwyload_PM": "PM","hwyload_EV": "EV"}
2022-03-04 11:19:05,951 - INFO (process): Adding column 'AB_Flow_Auto' to highway_load
2022-03-04 11:19:05,998 - INFO (process): Adding column 'BA_Flow_Auto' to highway_load
2022-03-04 11:19:06,061 - INFO (process): Adding column 'AB_Flow_Truck' to highway_load
2022-03-04 11:19:06,076 - INFO (process): Adding column 'BA_Flow_Truck' to highway_load
2022-03-04 11:19:06,076 - INFO (process): Adding column 'AB_Flow' to highway_load
2022-03-04 11:19:06,092 - INFO (process): Adding column 'BA_flow' to highway_load
2022-03-04 11:19:06,108 - INFO (process): Raw evaluating highway_load = highway_load.fillna(0)
2022-03-04 11:19:06,437 - INFO (process): Raw evaluating highway_network = pd.wide_to_long(df=hwyTcad,stubnames=["ABTM","BATM","ABTX","BATX","ABPRELOAD","BAPRELOAD"],i=["ID","Length","IFC"],j="timePeriod",sep="_",suffix="\w+").reset_index()
2022-03-04 11:19:33,763 - INFO (process): Raw evaluating highway_network = highway_network.fillna(0)
2022-03-04 11:19:35,702 - INFO (process): Replacing IFC values in highway_network using {1:"Freeway",2:"Prime Arterial",3:"Major Arterial",4:"Collector",5:"Local Collector",6:"Rural Coolector",7:"Local Road",8:"Freeway Connector Ramp",9:"Local Ramp",10:"Zone Connector"}
2022-03-04 11:19:35,717 - INFO (merge): Merging tables highway_network, highway_load into network
2022-03-04 11:20:01,063 - INFO (process): Raw evaluating mh_trips = trips[(trips['originMGRA'].isin(mgra_mohub_urban_core['MGRA'])) | (trips['destinationMGRA'].isin(mgra_mohub_urban_core['MGRA']) )]
2022-03-04 11:20:52,547 - INFO (process): Raw evaluating ec_trips = trips[trips['destinationMGRA'].isin(sv_ec_mgras['MGRA'])]
2022-03-04 11:20:54,938 - INFO (process): Adding column 'vmt_auto' to network
2022-03-04 11:20:54,985 - INFO (process): Adding column 'vmt_truck' to network
2022-03-04 11:20:55,000 - INFO (process): Adding column 'vmt_bus' to network
2022-03-04 11:20:55,032 - INFO (process): Adding column 'vmt_total' to network
2022-03-04 11:20:55,047 - INFO (process): Adding column 'vht_auto' to network
2022-03-04 11:20:55,063 - INFO (process): Adding column 'vht_truck' to network
2022-03-04 11:20:55,094 - INFO (process): Adding column 'vht_bus' to network
2022-03-04 11:20:55,110 - INFO (process): Adding column 'vht_total' to network
2022-03-04 11:20:55,125 - INFO (process): Adding column 'vhd_auto' to network
2022-03-04 11:20:55,157 - INFO (process): Adding column 'vhd_truck' to network
2022-03-04 11:20:55,172 - INFO (process): Adding column 'vhd_bus' to network
2022-03-04 11:20:55,203 - INFO (process): Raw evaluating network[['vhd_auto','vhd_truck','vhd_bus']] = network[['vhd_auto','vhd_truck','vhd_bus']].clip(0)
2022-03-04 11:20:56,253 - INFO (process): Adding column 'vhd_total' to network
2022-03-04 11:20:56,284 - INFO (process): Raw evaluating ec_trips['originCity'] = ec_trips['originMGRA'].replace(mgra_city_map.set_index('MGRA')['city_name'].to_dict())
2022-03-04 11:21:30,006 - INFO (process): Raw evaluating ec_trips['destinationCity'] = ec_trips['destinationMGRA'].replace(mgra_city_map.set_index('MGRA')['city_name'].to_dict())
2022-03-04 11:21:50,459 - INFO (process): Raw evaluating ec_trips['originCityCPA'] = ec_trips['originMGRA'].replace(mgra_city_cpa_map.set_index('MGRA')['Name'].to_dict())
2022-03-04 11:22:22,152 - INFO (process): Raw evaluating ec_trips['destinationCityCPA'] = ec_trips['destinationMGRA'].replace(mgra_city_cpa_map.set_index('MGRA')['Name'].to_dict())
2022-03-04 11:22:40,585 - INFO (eval_expressions): Evaluating households['hhId'].count()
2022-03-04 11:22:40,585 - INFO (eval_expressions): Evaluating households['hhIncome'].mean()
2022-03-04 11:22:40,585 - INFO (eval_expressions): Evaluating households['hhPersons'].mean()
2022-03-04 11:22:40,585 - INFO (eval_expressions): Evaluating households['autos'].mean()
2022-03-04 11:22:40,601 - INFO (eval_expressions): Evaluating persons['personId'].count()
2022-03-04 11:22:40,601 - INFO (eval_expressions): Evaluating persons.query("employmentStatus in ['Employed Full-Time','Employed Part-Time']", engine="python")['personId'].count()
2022-03-04 11:22:41,977 - INFO (eval_expressions): Evaluating persons.query("(employmentStatus in ['Employed Full-Time','Employed Part-Time'])  & (telecommuteChoice != 'No telecommute')", engine="python")['personId'].count()
2022-03-04 11:22:42,448 - INFO (eval_expressions): Evaluating network['vmt_total'].sum()
2022-03-04 11:22:42,448 - INFO (eval_expressions): Evaluating network['vht_total'].sum()
2022-03-04 11:22:42,448 - INFO (eval_expressions): Evaluating network['vhd_total'].sum()
2022-03-04 11:22:42,448 - INFO (eval_expressions): Evaluating trips['weightTrip'].sum()
2022-03-04 11:22:42,559 - INFO (eval_expressions): Evaluating trips['weightPersonTrip'].sum()
2022-03-04 11:22:42,654 - INFO (eval_expressions): Evaluating trips.query("model in ['individual', 'internalExternal', 'joint']", engine="python")['weightPersonTrip'].sum()
2022-03-04 11:23:01,459 - INFO (eval_expressions): Running measure '_num_res_p_trips / num_persons' on summary
2022-03-04 11:23:01,459 - INFO (eval_expressions): Evaluating trips.query("employmentStatus in ['Employed Full-Time','Employed Part-Time']", engine="python")['weightPersonTrip'].sum()
2022-03-04 11:23:15,847 - INFO (eval_expressions): Running measure '_num_worker_p_trips / num_workers' on summary
2022-03-04 11:23:15,847 - INFO (eval_expressions): Evaluating persons['race'].value_counts()
2022-03-04 11:23:16,252 - INFO (eval_expressions): Running measure '(race_count / sum(race_count)) * 100' on pop_by_race
2022-03-04 11:23:16,252 - INFO (eval_expressions): Evaluating persons['age_bin'].value_counts()
2022-03-04 11:23:16,518 - INFO (eval_expressions): Running measure '(age_count / sum(age_count)) * 100' on pop_by_age
2022-03-04 11:23:16,518 - INFO (eval_expressions): Evaluating transit_onoff.groupby(['MODE', 'ACCESSMODE', 'TOD'], dropna=False)['BOARDINGS'].sum()
2022-03-04 11:23:16,659 - INFO (eval_expressions): Evaluating persons.query("(employmentStatus in ['Employed Full-Time','Employed Part-Time'])", engine="python").groupby(['telecommuteChoice'], dropna=False)['personId'].count()
2022-03-04 11:23:17,681 - INFO (eval_expressions): Running measure 'num_workers/sum(num_workers)' on tele_choice
2022-03-04 11:23:17,681 - INFO (eval_expressions): Evaluating trips.query("employmentStatus in ['Employed Full-Time','Employed Part-Time']", engine="python").groupby(['telecommuteChoice', 'tripMode'], dropna=False)['weightTrip'].sum()
2022-03-04 11:23:30,307 - INFO (eval_expressions): Evaluating trips.query("employmentStatus in ['Employed Full-Time','Employed Part-Time']", engine="python").groupby(['telecommuteChoice'], dropna=False)['weightTrip'].sum()
2022-03-04 11:23:45,049 - INFO (eval_expressions): Running measure '_tele_mode_count / _tele_count' on mode_share_by_tele
2022-03-04 11:23:45,049 - INFO (eval_expressions): Evaluating trips.groupby(['tripMode'], dropna=False)['weightTrip'].sum()
2022-03-04 11:23:46,664 - INFO (eval_expressions): Running measure '(_mode_counts / num_v_trips) * 100' on mode_share
2022-03-04 11:23:46,664 - INFO (eval_expressions): Evaluating trips.groupby(['tripPurposeDestination'], dropna=False)['weightTrip'].sum()
2022-03-04 11:23:48,924 - INFO (eval_expressions): Running measure '(purpose_counts / num_v_trips) * 100' on purpose_share
2022-03-04 11:23:48,924 - INFO (eval_expressions): Evaluating households['autos'].value_counts()
2022-03-04 11:23:48,924 - INFO (eval_expressions): Running measure '(ao_counts / sum(ao_counts)) * 100' on ao_dist
2022-03-04 11:23:48,939 - INFO (eval_expressions): Evaluating households.groupby(['homeMGRA'], dropna=False)['autos'].mean()
2022-03-04 11:23:49,002 - INFO (eval_expressions): Evaluating trips.groupby(['originMGRA', 'destinationMGRA'], dropna=False)['weightTrip'].sum()
2022-03-04 11:23:59,260 - INFO (eval_expressions): Evaluating trips.groupby(['originTAZ', 'destinationTAZ'], dropna=False)['weightTrip'].sum()
2022-03-04 11:24:06,358 - INFO (eval_expressions): Evaluating trips['weightTrip'].sum()
2022-03-04 11:24:06,469 - INFO (eval_expressions): Evaluating trips.groupby(['departTimeFiveTod'], dropna=False)['weightTrip'].sum()
2022-03-04 11:24:07,863 - INFO (eval_expressions): Running measure '(trips_by_tod / _num_resident_v_trips) * 100' on trips_by_tod
2022-03-04 11:24:07,863 - INFO (eval_expressions): Evaluating trips.groupby(['tripMode'], dropna=False)['distance'].sum()
2022-03-04 11:24:09,131 - INFO (eval_expressions): Running measure '_tot_dist_by_mode/_mode_counts' on length_by_mode
2022-03-04 11:24:09,131 - INFO (eval_expressions): Evaluating trips.groupby(['tripMode'], dropna=False)['time'].sum()
2022-03-04 11:24:11,154 - INFO (eval_expressions): Running measure '_tot_time_by_mode/_mode_counts' on length_by_mode
2022-03-04 11:24:11,154 - INFO (eval_expressions): Evaluating trips.groupby(['homeMGRA'], dropna=False)['vmt'].sum()
2022-03-04 11:24:12,341 - INFO (eval_expressions): Evaluating households.groupby(['homeMGRA'], dropna=False)['hhPersons'].sum()
2022-03-04 11:24:12,389 - INFO (eval_expressions): Running measure '_vmt_per_mgra/_persons_per_mgra' on vmt_per_capita_by_mgra
2022-03-04 11:24:12,422 - INFO (eval_expressions): Evaluating trips.groupby(['homeTAZ'], dropna=False)['vmt'].sum()
2022-03-04 11:24:13,625 - INFO (eval_expressions): Evaluating households.groupby(['homeTAZ'], dropna=False)['hhPersons'].sum()
2022-03-04 11:24:13,750 - INFO (eval_expressions): Running measure '_vmt_per_taz/_persons_per_taz' on vmt_per_capita_by_taz
2022-03-04 11:24:13,766 - INFO (eval_expressions): Evaluating trips.groupby(['homeCity'], dropna=False)['vmt'].sum()
2022-03-04 11:24:16,698 - INFO (eval_expressions): Evaluating households.groupby(['homeCity'], dropna=False)['hhPersons'].sum()
2022-03-04 11:24:16,932 - INFO (eval_expressions): Running measure '_vmt_per_city/_persons_per_city' on vmt_per_capita_by_city
2022-03-04 11:24:16,932 - INFO (eval_expressions): Evaluating trips.query("(employmentStatus in ['Employed Full-Time','Employed Part-Time'])", engine="python").groupby(['telecommuteChoice'], dropna=False)['vmt'].sum()
2022-03-04 11:24:29,965 - INFO (eval_expressions): Evaluating persons.query("(employmentStatus in ['Employed Full-Time','Employed Part-Time'])", engine="python").groupby(['telecommuteChoice'], dropna=False)['personId'].count()
2022-03-04 11:24:30,824 - INFO (eval_expressions): Running measure '_vmt_per_telework/_persons_per_telework' on vmt_per_capita_by_tele
2022-03-04 11:24:30,824 - INFO (eval_expressions): Evaluating ec_trips.query("tripPurposeDestination == 'Work'", engine="python").groupby(['originMGRA', 'destinationMGRA'], dropna=False)['weightTrip'].sum()
2022-03-04 11:24:31,511 - INFO (eval_expressions): Evaluating ec_trips.query("tripPurposeDestination == 'Work'", engine="python").groupby(['originTAZ', 'destinationTAZ'], dropna=False)['weightTrip'].sum()
2022-03-04 11:24:31,777 - INFO (eval_expressions): Evaluating ec_trips.query("tripPurposeDestination == 'Work'", engine="python").groupby(['originCity', 'destinationCity'], dropna=False)['weightTrip'].sum()
2022-03-04 11:24:32,011 - INFO (eval_expressions): Evaluating ec_trips.query("tripPurposeDestination == 'Work'", engine="python").groupby(['originCityCPA', 'destinationCityCPA'], dropna=False)['weightTrip'].sum()
2022-03-04 11:24:32,310 - INFO (eval_expressions): Evaluating ec_trips.query("tripPurposeDestination == 'Work'", engine="python")['weightTrip'].sum()
2022-03-04 11:24:32,541 - INFO (eval_expressions): Evaluating trips.query("tripPurposeDestination == 'Work'", engine="python")['weightTrip'].sum()
2022-03-04 11:24:38,946 - INFO (eval_expressions): Running measure '(num_v_trips / _num_regional_work_v_trips) * 100' on summary_ec
2022-03-04 11:24:38,961 - INFO (eval_expressions): Evaluating ec_trips.query("tripPurposeDestination == 'Work'", engine="python").groupby(['tripMode'], dropna=False)['weightTrip'].sum()
2022-03-04 11:24:39,149 - INFO (eval_expressions): Running measure '(_mode_counts / num_v_trips) * 100' on mode_share_ec
2022-03-04 11:24:39,149 - INFO (eval_expressions): Evaluating ec_trips.query("tripPurposeDestination == 'Work'", engine="python").groupby(['tripMode'], dropna=False)['distance'].sum()
2022-03-04 11:24:39,336 - INFO (eval_expressions): Running measure '_tot_dist_by_mode/_mode_counts' on length_by_mode_ec
2022-03-04 11:24:39,336 - INFO (eval_expressions): Evaluating ec_trips.query("tripPurposeDestination == 'Work'", engine="python").groupby(['tripMode'], dropna=False)['time'].sum()
2022-03-04 11:24:39,524 - INFO (eval_expressions): Running measure '_tot_time_by_mode/_mode_counts' on length_by_mode_ec
2022-03-04 11:24:39,524 - INFO (eval_expressions): Evaluating mh_trips['weightTrip'].sum()
2022-03-04 11:24:39,539 - INFO (eval_expressions): Evaluating trips['weightTrip'].sum()
2022-03-04 11:24:39,633 - INFO (eval_expressions): Running measure '(num_v_trips / _num_regional_v_trips) * 100' on summary_mh
2022-03-04 11:24:39,633 - INFO (eval_expressions): Evaluating mh_trips.groupby(['tripMode'], dropna=False)['weightTrip'].sum()
2022-03-04 11:24:39,822 - INFO (eval_expressions): Running measure '(_mode_counts / num_v_trips) * 100' on mode_share_mh
2022-03-04 11:24:39,822 - INFO (eval_expressions): Evaluating mh_trips.groupby(['tripMode'], dropna=False)['distance'].sum()
2022-03-04 11:24:40,009 - INFO (eval_expressions): Running measure '_tot_dist_by_mode/_mode_counts' on length_by_mode_mh
2022-03-04 11:24:40,009 - INFO (eval_expressions): Evaluating mh_trips.groupby(['tripMode'], dropna=False)['time'].sum()
2022-03-04 11:24:40,195 - INFO (eval_expressions): Running measure '_tot_time_by_mode/_mode_counts' on length_by_mode_mh
2022-03-04 11:24:40,195 - INFO (eval_expressions): Evaluating mh_trips.groupby(['originTAZ', 'destinationTAZ'], dropna=False)['weightTrip'].sum()
2022-03-04 11:24:40,915 - INFO (eval_expressions): Evaluating trips.groupby(['model'], dropna=False)['weightPersonTrip'].sum()
2022-03-04 11:24:43,844 - INFO (eval_expressions): Evaluating trips.groupby(['model'], dropna=False)['weightTrip'].sum()
2022-03-04 11:24:46,549 - INFO (coalesce_expressions): Coalescing summary table summary
2022-03-04 11:24:46,549 - INFO (coalesce_expressions): Coalescing summary table pop_by_race
2022-03-04 11:24:46,549 - INFO (coalesce_expressions): Coalescing summary table pop_by_age
2022-03-04 11:24:46,549 - INFO (coalesce_expressions): Coalescing summary table transit_summary
2022-03-04 11:24:46,565 - INFO (coalesce_expressions): Coalescing summary table tele_choice
2022-03-04 11:24:46,565 - INFO (coalesce_expressions): Coalescing summary table mode_share_by_tele
2022-03-04 11:24:46,565 - INFO (coalesce_expressions): Coalescing summary table mode_share
2022-03-04 11:24:46,565 - INFO (coalesce_expressions): Coalescing summary table purpose_share
2022-03-04 11:24:46,580 - INFO (coalesce_expressions): Coalescing summary table ao_dist
2022-03-04 11:24:46,580 - INFO (coalesce_expressions): Coalescing summary table ao_by_mgra
2022-03-04 11:24:46,580 - INFO (coalesce_expressions): Coalescing summary table mgra_od_flows
2022-03-04 11:24:47,490 - INFO (coalesce_expressions): Coalescing summary table taz_od_flows
2022-03-04 11:24:48,244 - INFO (coalesce_expressions): Coalescing summary table trips_by_tod
2022-03-04 11:24:48,244 - INFO (coalesce_expressions): Coalescing summary table length_by_mode
2022-03-04 11:24:48,244 - INFO (coalesce_expressions): Coalescing summary table vmt_per_capita_by_mgra
2022-03-04 11:24:48,259 - INFO (coalesce_expressions): Coalescing summary table vmt_per_capita_by_taz
2022-03-04 11:24:48,259 - INFO (coalesce_expressions): Coalescing summary table vmt_per_capita_by_city
2022-03-04 11:24:48,275 - INFO (coalesce_expressions): Coalescing summary table vmt_per_capita_by_tele
2022-03-04 11:24:48,275 - INFO (coalesce_expressions): Coalescing summary table ec_flows_mgra
2022-03-04 11:24:48,291 - INFO (coalesce_expressions): Coalescing summary table ec_flows_taz
2022-03-04 11:24:48,306 - INFO (coalesce_expressions): Coalescing summary table ec_flows_city
2022-03-04 11:24:48,322 - INFO (coalesce_expressions): Coalescing summary table ec_flows_city_cpa
2022-03-04 11:24:48,322 - INFO (coalesce_expressions): Coalescing summary table summary_ec
2022-03-04 11:24:48,322 - INFO (coalesce_expressions): Coalescing summary table mode_share_ec
2022-03-04 11:24:48,322 - INFO (coalesce_expressions): Coalescing summary table length_by_mode_ec
2022-03-04 11:24:48,337 - INFO (coalesce_expressions): Coalescing summary table summary_mh
2022-03-04 11:24:48,337 - INFO (coalesce_expressions): Coalescing summary table mode_share_mh
2022-03-04 11:24:48,337 - INFO (coalesce_expressions): Coalescing summary table length_by_mode_mh
2022-03-04 11:24:48,337 - INFO (coalesce_expressions): Coalescing summary table mh_flows_taz
2022-03-04 11:24:48,526 - INFO (coalesce_expressions): Coalescing summary table trip_model_summary
2022-03-04 11:24:48,557 - INFO (process): Renaming vmt_per_capita_by_taz columns using {'homeTAZ': 'TAZ'}
2022-03-04 11:24:48,557 - INFO (process): Renaming mgra_od_flows columns using {'originMGRA':'origin', 'destinationMGRA':'destination', 'od_flows':'count'}
2022-03-04 11:24:49,143 - INFO (process): Renaming taz_od_flows columns using {'originTAZ':'origin', 'destinationTAZ':'destination', 'od_flows':'count'}
2022-03-04 11:24:49,306 - INFO (process): Renaming ec_flows_mgra columns using {'originMGRA':'origin', 'destinationMGRA':'destination', 'ec_flows':'count'}
2022-03-04 11:24:49,306 - INFO (process): Renaming ec_flows_taz columns using {'originTAZ':'origin', 'destinationTAZ':'destination', 'ec_flows':'count'}
2022-03-04 11:24:49,322 - INFO (process): Renaming ec_flows_city columns using {'originCity':'origin', 'destinationCity':'destination', 'ec_flows':'count'}
2022-03-04 11:24:49,322 - INFO (process): Renaming ec_flows_city_cpa columns using {'originCityCPA':'origin', 'destinationCityCPA':'destination', 'ec_flows':'count'}
2022-03-04 11:24:49,322 - INFO (process): Renaming mh_flows_taz columns using {'originTAZ':'origin', 'destinationTAZ':'destination', 'mh_flows':'count'}
2022-03-04 11:24:49,369 - INFO (process): Raw evaluating mgra_od_flows = mgra_od_flows.sort_values('count', ascending=False).head(100).round(1)
2022-03-04 11:24:50,816 - INFO (process): Raw evaluating taz_od_flows = taz_od_flows.sort_values('count', ascending=False).head(20).round(1)
2022-03-04 11:24:51,426 - INFO (process): Raw evaluating ec_flows_mgra = ec_flows_mgra.sort_values('count', ascending=False).head(100).round(1)
2022-03-04 11:24:51,442 - INFO (process): Raw evaluating ec_flows_taz = ec_flows_taz.sort_values('count', ascending=False)
2022-03-04 11:24:51,442 - INFO (process): Raw evaluating ec_flows_taz['destination'] = ec_flows_taz['destination'].iloc[0].round(1)
2022-03-04 11:24:51,442 - INFO (process): Raw evaluating ec_flows_taz_full = ec_flows_taz.groupby(['origin', 'destination'])['count'].sum().sort_values(ascending=False).reset_index(drop=False)
2022-03-04 11:24:51,458 - INFO (process): Raw evaluating ec_flows_taz = ec_flows_taz.groupby(['origin', 'destination'])['count'].sum().sort_values(ascending=False).reset_index(drop=False).head(20)
2022-03-04 11:24:51,473 - INFO (process): Raw evaluating ec_flows_city_cpa = ec_flows_city_cpa.sort_values('count', ascending=False).head(10)
2022-03-04 11:24:51,473 - INFO (process): Raw evaluating mh_flows_taz = mh_flows_taz.sort_values('count', ascending=False)
2022-03-04 11:24:51,583 - INFO (process): Raw evaluating mh_flows_taz['destination'] = mh_flows_taz['destination'].iloc[0].round(1)
2022-03-04 11:24:51,598 - INFO (process): Raw evaluating mh_flows_taz_full = mh_flows_taz.groupby(['origin', 'destination'])['count'].sum().sort_values(ascending=False).reset_index(drop=False).round(1)
2022-03-04 11:24:51,692 - INFO (process): Raw evaluating mh_flows_taz = mh_flows_taz.groupby(['origin', 'destination'])['count'].sum().sort_values(ascending=False).reset_index(drop=False).head(20)
2022-03-04 11:24:51,786 - INFO (process): Raw evaluating mode_share_by_tele = mode_share_by_tele.pivot(index='telecommuteChoice', columns='tripMode', values='tele_mode_share').reset_index()
2022-03-04 11:24:51,786 - INFO (process): Raw evaluating tele_choice = tele_choice.set_index('telecommuteChoice')[['num_workers']].T.round(1)
2022-03-04 11:24:51,801 - INFO (process): Raw evaluating pop_by_race = pop_by_race.set_index('index').reindex(['White', 'Asian', 'Black', 'Two or More', 'Other']).reset_index().round(1)
2022-03-04 11:24:51,801 - INFO (process): Raw evaluating pop_by_age = pop_by_age.sort_values('index').round(1)
2022-03-04 11:24:51,801 - INFO (process): Raw evaluating length_by_mode = length_by_mode.set_index('tripMode').reindex(['SOV', 'HOV', 'Transit', 'Truck', 'Non-Motorized', 'Other']).reset_index().round(1)
2022-03-04 11:24:51,801 - INFO (process): Raw evaluating length_by_mode_ec = length_by_mode_ec.set_index('tripMode').reindex(['SOV', 'HOV', 'Transit', 'Truck', 'Non-Motorized', 'Other']).reset_index().dropna().round(1)
2022-03-04 11:24:51,817 - INFO (process): Raw evaluating length_by_mode_mh = length_by_mode_mh.set_index('tripMode').reindex(['SOV', 'HOV', 'Transit', 'Truck', 'Non-Motorized', 'Other']).reset_index().dropna().round(1)
2022-03-04 11:24:51,817 - INFO (process): Raw evaluating vmt_per_capita_by_taz = vmt_per_capita_by_taz.dropna(how='all').fillna(0).round(1)
2022-03-04 11:24:51,817 - INFO (process): Raw evaluating vmt_per_capita_by_city = vmt_per_capita_by_city.dropna(how='all').fillna(0).round(1)
2022-03-04 11:24:51,833 - INFO (process): Raw evaluating mode_share = mode_share.set_index('tripMode').reindex(['SOV', 'HOV', 'Transit', 'Truck', 'Non-Motorized', 'Other']).reset_index().round(1)
2022-03-04 11:24:51,833 - INFO (process): Raw evaluating mode_share_ec = mode_share_ec.set_index('tripMode').reindex(['SOV', 'HOV', 'Transit', 'Truck', 'Non-Motorized', 'Other']).reset_index().dropna().round(1)
2022-03-04 11:24:51,833 - INFO (process): Raw evaluating mode_share_mh = mode_share_mh.set_index('tripMode').reindex(['SOV', 'HOV', 'Transit', 'Truck', 'Non-Motorized', 'Other']).reset_index().dropna().round(1)
2022-03-04 11:24:51,848 - INFO (process): Raw evaluating vmt_per_capita_by_tele = vmt_per_capita_by_tele.set_index('telecommuteChoice').reindex(['No telecommute','One Day', 'Two-Three Days', 'Four or More Days', 'Telecommuter Only']).reset_index().round(1)
2022-03-04 11:24:51,848 - INFO (process): Raw evaluating mode_share_by_tele = mode_share_by_tele.set_index('telecommuteChoice').reindex(['No telecommute', 'One Day', 'Two-Three Days', 'Four or More Days', 'Telecommuter Only']).reset_index()
2022-03-04 11:24:51,848 - INFO (process): Raw evaluating mode_share_by_tele = mode_share_by_tele[['telecommuteChoice', 'SOV', 'HOV', 'Transit', 'Non-Motorized', 'Other']].round(2)
2022-03-04 11:24:51,848 - INFO (process): Raw evaluating tele_choice = tele_choice[['One Day', 'Two-Three Days', 'Four or More Days', 'Telecommuter Only']].round(1)
2022-03-04 11:24:51,864 - INFO (process): Raw evaluating mode_comparison_mh = pd.concat([mode_share.assign(type='Region'), mode_share_ec.assign(type='Employment Center'), mode_share_mh.assign(type='Mobility Hub')], axis=0).pivot(columns='type', values='mode_share', index='tripMode').reset_index()
2022-03-04 11:24:51,880 - INFO (process): Raw evaluating mode_comparison_mh = mode_comparison_mh.set_index('tripMode').reindex(['SOV', 'HOV', 'Transit', 'Truck', 'Non-Motorized', 'Other']).reset_index().round(1)
2022-03-04 11:24:51,880 - INFO (process): Raw evaluating vmt_per_capita_by_taz['TAZ'] = vmt_per_capita_by_taz['TAZ'].astype(int).round(1)
2022-03-04 11:24:51,880 - INFO (process): Raw evaluating trips_by_tod = trips_by_tod.set_index('departTimeFiveTod').reindex(['EA', 'AM', 'MD', 'PM', 'EV']).reset_index().round(1)
2022-03-04 11:24:51,880 - INFO (process): Raw evaluating ao_dist = ao_dist.round(1)
2022-03-04 11:24:51,895 - INFO (process): Raw evaluating purpose_share = purpose_share.round(1)
2022-03-04 11:24:51,895 - INFO (write_results): Writing summary.csv
2022-03-04 11:24:51,895 - INFO (write_results): Writing pop_by_race.csv
2022-03-04 11:24:51,911 - INFO (write_results): Writing pop_by_age.csv
2022-03-04 11:24:51,911 - INFO (write_results): Writing transit_summary.csv
2022-03-04 11:24:51,911 - INFO (write_results): Writing tele_choice.csv
2022-03-04 11:24:51,926 - INFO (write_results): Writing mode_share_by_tele.csv
2022-03-04 11:24:51,926 - INFO (write_results): Writing mode_share.csv
2022-03-04 11:24:51,926 - INFO (write_results): Writing purpose_share.csv
2022-03-04 11:24:51,926 - INFO (write_results): Writing ao_dist.csv
2022-03-04 11:24:51,942 - INFO (write_results): Writing ao_by_mgra.csv
2022-03-04 11:24:52,020 - INFO (write_results): Writing mgra_od_flows.csv
2022-03-04 11:24:52,020 - INFO (write_results): Writing taz_od_flows.csv
2022-03-04 11:24:52,020 - INFO (write_results): Writing trips_by_tod.csv
2022-03-04 11:24:52,036 - INFO (write_results): Writing length_by_mode.csv
2022-03-04 11:24:52,036 - INFO (write_results): Writing vmt_per_capita_by_mgra.csv
2022-03-04 11:24:52,158 - INFO (write_results): Writing vmt_per_capita_by_taz.csv
2022-03-04 11:24:52,174 - INFO (write_results): Writing vmt_per_capita_by_city.csv
2022-03-04 11:24:52,174 - INFO (write_results): Writing vmt_per_capita_by_tele.csv
2022-03-04 11:24:52,174 - INFO (write_results): Writing ec_flows_mgra.csv
2022-03-04 11:24:52,190 - INFO (write_results): Writing ec_flows_taz.csv
2022-03-04 11:24:52,190 - INFO (write_results): Writing ec_flows_city.csv
2022-03-04 11:24:52,190 - INFO (write_results): Writing ec_flows_city_cpa.csv
2022-03-04 11:24:52,205 - INFO (write_results): Writing summary_ec.csv
2022-03-04 11:24:52,205 - INFO (write_results): Writing mode_share_ec.csv
2022-03-04 11:24:52,205 - INFO (write_results): Writing length_by_mode_ec.csv
2022-03-04 11:24:52,221 - INFO (write_results): Writing summary_mh.csv
2022-03-04 11:24:52,221 - INFO (write_results): Writing mode_share_mh.csv
2022-03-04 11:24:52,221 - INFO (write_results): Writing length_by_mode_mh.csv
2022-03-04 11:24:52,237 - INFO (write_results): Writing mh_flows_taz.csv
2022-03-04 11:24:52,237 - INFO (write_results): Writing trip_model_summary.csv
2022-03-04 11:24:52,237 - INFO (write_results): Writing ec_flows_taz_full.csv
2022-03-04 11:24:52,268 - INFO (write_results): Writing mh_flows_taz_full.csv
2022-03-04 11:24:52,283 - INFO (write_results): Writing mode_comparison_mh.csv
